The system is: Darwin - 22.5.0 - arm64
Compiling the C compiler identification source file "CMakeCCompilerId.c" succeeded.
Compiler: /Users/andridgemunene/miniconda3/envs/ros/bin/arm64-apple-darwin20.0.0-clang 
Build flags: -ftree-vectorize;-fPIC;-fPIE;-fstack-protector-strong;-O2;-pipe;-isystem;/Users/andridgemunene/miniconda3/envs/ros/include
Id flags:  

The output was:
0


Compilation of the C compiler identification source "CMakeCCompilerId.c" produced "a.out"

The C compiler identification is Clang, found in "/Users/andridgemunene/Desktop/openseasons/build/august_description/CMakeFiles/3.25.1/CompilerIdC/a.out"

Compiling the CXX compiler identification source file "CMakeCXXCompilerId.cpp" succeeded.
Compiler: /Users/andridgemunene/miniconda3/envs/ros/bin/arm64-apple-darwin20.0.0-clang++ 
Build flags: -ftree-vectorize;-fPIC;-fPIE;-fstack-protector-strong;-O2;-pipe;-stdlib=libc++;-fvisibility-inlines-hidden;-fmessage-length=0;-isystem;/Users/andridgemunene/miniconda3/envs/ros/include
Id flags:  

The output was:
0


Compilation of the CXX compiler identification source "CMakeCXXCompilerId.cpp" produced "a.out"

The CXX compiler identification is Clang, found in "/Users/andridgemunene/Desktop/openseasons/build/august_description/CMakeFiles/3.25.1/CompilerIdCXX/a.out"

Detecting C compiler ABI info compiled with the following output:
Change Dir: /Users/andridgemunene/Desktop/openseasons/build/august_description/CMakeFiles/CMakeScratch/TryCompile-KhW0eA

Run Build Command(s):/opt/homebrew/bin/gmake -f Makefile cmTC_8f873/fast && /opt/homebrew/bin/gmake  -f CMakeFiles/cmTC_8f873.dir/build.make CMakeFiles/cmTC_8f873.dir/build
gmake[1]: Entering directory '/Users/andridgemunene/Desktop/openseasons/build/august_description/CMakeFiles/CMakeScratch/TryCompile-KhW0eA'
Building C object CMakeFiles/cmTC_8f873.dir/CMakeCCompilerABI.c.o
/Users/andridgemunene/miniconda3/envs/ros/bin/arm64-apple-darwin20.0.0-clang   -ftree-vectorize -fPIC -fPIE -fstack-protector-strong -O2 -pipe -isystem /Users/andridgemunene/miniconda3/envs/ros/include  -arch arm64 -isysroot /Library/Developer/CommandLineTools/SDKs/MacOSX.sdk   -v -Wl,-v -MD -MT CMakeFiles/cmTC_8f873.dir/CMakeCCompilerABI.c.o -MF CMakeFiles/cmTC_8f873.dir/CMakeCCompilerABI.c.o.d -o CMakeFiles/cmTC_8f873.dir/CMakeCCompilerABI.c.o -c /Users/andridgemunene/miniconda3/envs/ros/share/cmake-3.25/Modules/CMakeCCompilerABI.c
clang version 14.0.6
Target: arm64-apple-darwin20.0.0
Thread model: posix
InstalledDir: /Users/andridgemunene/miniconda3/envs/ros/bin
clang-14: warning: -Wl,-v: 'linker' input unused [-Wunused-command-line-argument]
 (in-process)
 "/Users/andridgemunene/miniconda3/envs/ros/bin/clang-14" -cc1 -triple arm64-apple-macosx13.0.0 -Wundef-prefix=TARGET_OS_ -Werror=undef-prefix -Wdeprecated-objc-isa-usage -Werror=deprecated-objc-isa-usage -emit-obj --mrelax-relocations -disable-free -clear-ast-before-backend -disable-llvm-verifier -discard-value-names -main-file-name CMakeCCompilerABI.c -mrelocation-model pic -pic-level 2 -mframe-pointer=non-leaf -ffp-contract=on -fno-rounding-math -funwind-tables=2 -target-sdk-version=13.3 -fcompatibility-qualified-id-block-type-checking -fvisibility-inlines-hidden-static-local-var -target-cpu apple-m1 -target-feature +v8.5a -target-feature +fp-armv8 -target-feature +neon -target-feature +crc -target-feature +crypto -target-feature +dotprod -target-feature +fp16fml -target-feature +ras -target-feature +lse -target-feature +rdm -target-feature +rcpc -target-feature +zcm -target-feature +zcz -target-feature +fullfp16 -target-feature +sha2 -target-feature +aes -target-abi darwinpcs -fallow-half-arguments-and-returns -mllvm -treat-scalable-fixed-error-as-warning -debugger-tuning=lldb -target-linker-version 609 -v -fcoverage-compilation-dir=/Users/andridgemunene/Desktop/openseasons/build/august_description/CMakeFiles/CMakeScratch/TryCompile-KhW0eA -resource-dir /Users/andridgemunene/miniconda3/envs/ros/lib/clang/14.0.6 -dependency-file CMakeFiles/cmTC_8f873.dir/CMakeCCompilerABI.c.o.d -MT CMakeFiles/cmTC_8f873.dir/CMakeCCompilerABI.c.o -sys-header-deps -isystem /Users/andridgemunene/miniconda3/envs/ros/include -isysroot /Library/Developer/CommandLineTools/SDKs/MacOSX.sdk -internal-isystem /Library/Developer/CommandLineTools/SDKs/MacOSX.sdk/usr/local/include -internal-isystem /Users/andridgemunene/miniconda3/envs/ros/lib/clang/14.0.6/include -internal-externc-isystem /Library/Developer/CommandLineTools/SDKs/MacOSX.sdk/usr/include -O2 -fdebug-compilation-dir=/Users/andridgemunene/Desktop/openseasons/build/august_description/CMakeFiles/CMakeScratch/TryCompile-KhW0eA -ferror-limit 19 -stack-protector 2 -fblocks -fencode-extended-block-signature -fregister-global-dtors-with-atexit -fgnuc-version=4.2.1 -fmax-type-align=16 -vectorize-loops -vectorize-slp -D__GCC_HAVE_DWARF2_CFI_ASM=1 -o CMakeFiles/cmTC_8f873.dir/CMakeCCompilerABI.c.o -x c /Users/andridgemunene/miniconda3/envs/ros/share/cmake-3.25/Modules/CMakeCCompilerABI.c
clang -cc1 version 14.0.6 based upon LLVM 14.0.6 default target arm64-apple-darwin22.5.0
ignoring nonexistent directory "/Library/Developer/CommandLineTools/SDKs/MacOSX.sdk/usr/local/include"
ignoring nonexistent directory "/Library/Developer/CommandLineTools/SDKs/MacOSX.sdk/Library/Frameworks"
#include "..." search starts here:
#include <...> search starts here:
 /Users/andridgemunene/miniconda3/envs/ros/include
 /Users/andridgemunene/miniconda3/envs/ros/lib/clang/14.0.6/include
 /Library/Developer/CommandLineTools/SDKs/MacOSX.sdk/usr/include
 /Library/Developer/CommandLineTools/SDKs/MacOSX.sdk/System/Library/Frameworks (framework directory)
End of search list.
Linking C executable cmTC_8f873
/Users/andridgemunene/miniconda3/envs/ros/bin/cmake -E cmake_link_script CMakeFiles/cmTC_8f873.dir/link.txt --verbose=1
/Users/andridgemunene/miniconda3/envs/ros/bin/arm64-apple-darwin20.0.0-clang -ftree-vectorize -fPIC -fPIE -fstack-protector-strong -O2 -pipe -isystem /Users/andridgemunene/miniconda3/envs/ros/include  -arch arm64 -isysroot /Library/Developer/CommandLineTools/SDKs/MacOSX.sdk -Wl,-search_paths_first -Wl,-headerpad_max_install_names -Wl,-pie -Wl,-headerpad_max_install_names -Wl,-dead_strip_dylibs -Wl,-rpath,/Users/andridgemunene/miniconda3/envs/ros/lib -L/Users/andridgemunene/miniconda3/envs/ros/lib -v -Wl,-v CMakeFiles/cmTC_8f873.dir/CMakeCCompilerABI.c.o -o cmTC_8f873 
clang version 14.0.6
Target: arm64-apple-darwin20.0.0
Thread model: posix
InstalledDir: /Users/andridgemunene/miniconda3/envs/ros/bin
 "/Users/andridgemunene/miniconda3/envs/ros/bin/arm64-apple-darwin20.0.0-ld" -demangle -lto_library /Users/andridgemunene/miniconda3/envs/ros/lib/libLTO.14.dylib -dynamic -arch arm64 -platform_version macos 13.0.0 13.3 -pie -syslibroot /Library/Developer/CommandLineTools/SDKs/MacOSX.sdk -o cmTC_8f873 -L/Users/andridgemunene/miniconda3/envs/ros/lib -search_paths_first -headerpad_max_install_names -pie -headerpad_max_install_names -dead_strip_dylibs -rpath /Users/andridgemunene/miniconda3/envs/ros/lib -v CMakeFiles/cmTC_8f873.dir/CMakeCCompilerABI.c.o -lSystem /Users/andridgemunene/miniconda3/envs/ros/lib/clang/14.0.6/lib/darwin/libclang_rt.osx.a
@(#)PROGRAM:ld  PROJECT:ld64-609
BUILD 17:39:38 Mar 22 2023
configured to support archs: armv6 armv7 armv7s arm64 arm64e arm64_32 i386 x86_64 x86_64h armv6m armv7k armv7m armv7em (tvOS)
Library search paths:
	/Users/andridgemunene/miniconda3/envs/ros/lib
	/Library/Developer/CommandLineTools/SDKs/MacOSX.sdk/usr/lib
Framework search paths:
	/Library/Developer/CommandLineTools/SDKs/MacOSX.sdk/System/Library/Frameworks/
gmake[1]: Leaving directory '/Users/andridgemunene/Desktop/openseasons/build/august_description/CMakeFiles/CMakeScratch/TryCompile-KhW0eA'



Parsed C implicit include dir info from above output: rv=done
  found start of include info
  found start of implicit include info
    add: [/Users/andridgemunene/miniconda3/envs/ros/include]
    add: [/Users/andridgemunene/miniconda3/envs/ros/lib/clang/14.0.6/include]
    add: [/Library/Developer/CommandLineTools/SDKs/MacOSX.sdk/usr/include]
  end of search list found
  collapse include dir [/Users/andridgemunene/miniconda3/envs/ros/include] ==> [/Users/andridgemunene/miniconda3/envs/ros/include]
  collapse include dir [/Users/andridgemunene/miniconda3/envs/ros/lib/clang/14.0.6/include] ==> [/Users/andridgemunene/miniconda3/envs/ros/lib/clang/14.0.6/include]
  collapse include dir [/Library/Developer/CommandLineTools/SDKs/MacOSX.sdk/usr/include] ==> [/Library/Developer/CommandLineTools/SDKs/MacOSX.sdk/usr/include]
  implicit include dirs: [/Users/andridgemunene/miniconda3/envs/ros/include;/Users/andridgemunene/miniconda3/envs/ros/lib/clang/14.0.6/include;/Library/Developer/CommandLineTools/SDKs/MacOSX.sdk/usr/include]


Parsed C implicit link information from above output:
  link line regex: [^( *|.*[/\])(arm64-apple-darwin20\.0\.0-ld|CMAKE_LINK_STARTFILE-NOTFOUND|([^/\]+-)?ld|collect2)[^/\]*( |$)]
  ignore line: [Change Dir: /Users/andridgemunene/Desktop/openseasons/build/august_description/CMakeFiles/CMakeScratch/TryCompile-KhW0eA]
  ignore line: []
  ignore line: [Run Build Command(s):/opt/homebrew/bin/gmake -f Makefile cmTC_8f873/fast && /opt/homebrew/bin/gmake  -f CMakeFiles/cmTC_8f873.dir/build.make CMakeFiles/cmTC_8f873.dir/build]
  ignore line: [gmake[1]: Entering directory '/Users/andridgemunene/Desktop/openseasons/build/august_description/CMakeFiles/CMakeScratch/TryCompile-KhW0eA']
  ignore line: [Building C object CMakeFiles/cmTC_8f873.dir/CMakeCCompilerABI.c.o]
  ignore line: [/Users/andridgemunene/miniconda3/envs/ros/bin/arm64-apple-darwin20.0.0-clang   -ftree-vectorize -fPIC -fPIE -fstack-protector-strong -O2 -pipe -isystem /Users/andridgemunene/miniconda3/envs/ros/include  -arch arm64 -isysroot /Library/Developer/CommandLineTools/SDKs/MacOSX.sdk   -v -Wl -v -MD -MT CMakeFiles/cmTC_8f873.dir/CMakeCCompilerABI.c.o -MF CMakeFiles/cmTC_8f873.dir/CMakeCCompilerABI.c.o.d -o CMakeFiles/cmTC_8f873.dir/CMakeCCompilerABI.c.o -c /Users/andridgemunene/miniconda3/envs/ros/share/cmake-3.25/Modules/CMakeCCompilerABI.c]
  ignore line: [clang version 14.0.6]
  ignore line: [Target: arm64-apple-darwin20.0.0]
  ignore line: [Thread model: posix]
  ignore line: [InstalledDir: /Users/andridgemunene/miniconda3/envs/ros/bin]
  ignore line: [clang-14: warning: -Wl -v: 'linker' input unused [-Wunused-command-line-argument]]
  ignore line: [ (in-process)]
  ignore line: [ "/Users/andridgemunene/miniconda3/envs/ros/bin/clang-14" -cc1 -triple arm64-apple-macosx13.0.0 -Wundef-prefix=TARGET_OS_ -Werror=undef-prefix -Wdeprecated-objc-isa-usage -Werror=deprecated-objc-isa-usage -emit-obj --mrelax-relocations -disable-free -clear-ast-before-backend -disable-llvm-verifier -discard-value-names -main-file-name CMakeCCompilerABI.c -mrelocation-model pic -pic-level 2 -mframe-pointer=non-leaf -ffp-contract=on -fno-rounding-math -funwind-tables=2 -target-sdk-version=13.3 -fcompatibility-qualified-id-block-type-checking -fvisibility-inlines-hidden-static-local-var -target-cpu apple-m1 -target-feature +v8.5a -target-feature +fp-armv8 -target-feature +neon -target-feature +crc -target-feature +crypto -target-feature +dotprod -target-feature +fp16fml -target-feature +ras -target-feature +lse -target-feature +rdm -target-feature +rcpc -target-feature +zcm -target-feature +zcz -target-feature +fullfp16 -target-feature +sha2 -target-feature +aes -target-abi darwinpcs -fallow-half-arguments-and-returns -mllvm -treat-scalable-fixed-error-as-warning -debugger-tuning=lldb -target-linker-version 609 -v -fcoverage-compilation-dir=/Users/andridgemunene/Desktop/openseasons/build/august_description/CMakeFiles/CMakeScratch/TryCompile-KhW0eA -resource-dir /Users/andridgemunene/miniconda3/envs/ros/lib/clang/14.0.6 -dependency-file CMakeFiles/cmTC_8f873.dir/CMakeCCompilerABI.c.o.d -MT CMakeFiles/cmTC_8f873.dir/CMakeCCompilerABI.c.o -sys-header-deps -isystem /Users/andridgemunene/miniconda3/envs/ros/include -isysroot /Library/Developer/CommandLineTools/SDKs/MacOSX.sdk -internal-isystem /Library/Developer/CommandLineTools/SDKs/MacOSX.sdk/usr/local/include -internal-isystem /Users/andridgemunene/miniconda3/envs/ros/lib/clang/14.0.6/include -internal-externc-isystem /Library/Developer/CommandLineTools/SDKs/MacOSX.sdk/usr/include -O2 -fdebug-compilation-dir=/Users/andridgemunene/Desktop/openseasons/build/august_description/CMakeFiles/CMakeScratch/TryCompile-KhW0eA -ferror-limit 19 -stack-protector 2 -fblocks -fencode-extended-block-signature -fregister-global-dtors-with-atexit -fgnuc-version=4.2.1 -fmax-type-align=16 -vectorize-loops -vectorize-slp -D__GCC_HAVE_DWARF2_CFI_ASM=1 -o CMakeFiles/cmTC_8f873.dir/CMakeCCompilerABI.c.o -x c /Users/andridgemunene/miniconda3/envs/ros/share/cmake-3.25/Modules/CMakeCCompilerABI.c]
  ignore line: [clang -cc1 version 14.0.6 based upon LLVM 14.0.6 default target arm64-apple-darwin22.5.0]
  ignore line: [ignoring nonexistent directory "/Library/Developer/CommandLineTools/SDKs/MacOSX.sdk/usr/local/include"]
  ignore line: [ignoring nonexistent directory "/Library/Developer/CommandLineTools/SDKs/MacOSX.sdk/Library/Frameworks"]
  ignore line: [#include "..." search starts here:]
  ignore line: [#include <...> search starts here:]
  ignore line: [ /Users/andridgemunene/miniconda3/envs/ros/include]
  ignore line: [ /Users/andridgemunene/miniconda3/envs/ros/lib/clang/14.0.6/include]
  ignore line: [ /Library/Developer/CommandLineTools/SDKs/MacOSX.sdk/usr/include]
  ignore line: [ /Library/Developer/CommandLineTools/SDKs/MacOSX.sdk/System/Library/Frameworks (framework directory)]
  ignore line: [End of search list.]
  ignore line: [Linking C executable cmTC_8f873]
  ignore line: [/Users/andridgemunene/miniconda3/envs/ros/bin/cmake -E cmake_link_script CMakeFiles/cmTC_8f873.dir/link.txt --verbose=1]
  ignore line: [/Users/andridgemunene/miniconda3/envs/ros/bin/arm64-apple-darwin20.0.0-clang -ftree-vectorize -fPIC -fPIE -fstack-protector-strong -O2 -pipe -isystem /Users/andridgemunene/miniconda3/envs/ros/include  -arch arm64 -isysroot /Library/Developer/CommandLineTools/SDKs/MacOSX.sdk -Wl -search_paths_first -Wl -headerpad_max_install_names -Wl -pie -Wl -headerpad_max_install_names -Wl -dead_strip_dylibs -Wl -rpath /Users/andridgemunene/miniconda3/envs/ros/lib -L/Users/andridgemunene/miniconda3/envs/ros/lib -v -Wl -v CMakeFiles/cmTC_8f873.dir/CMakeCCompilerABI.c.o -o cmTC_8f873 ]
  ignore line: [clang version 14.0.6]
  ignore line: [Target: arm64-apple-darwin20.0.0]
  ignore line: [Thread model: posix]
  ignore line: [InstalledDir: /Users/andridgemunene/miniconda3/envs/ros/bin]
  link line: [ "/Users/andridgemunene/miniconda3/envs/ros/bin/arm64-apple-darwin20.0.0-ld" -demangle -lto_library /Users/andridgemunene/miniconda3/envs/ros/lib/libLTO.14.dylib -dynamic -arch arm64 -platform_version macos 13.0.0 13.3 -pie -syslibroot /Library/Developer/CommandLineTools/SDKs/MacOSX.sdk -o cmTC_8f873 -L/Users/andridgemunene/miniconda3/envs/ros/lib -search_paths_first -headerpad_max_install_names -pie -headerpad_max_install_names -dead_strip_dylibs -rpath /Users/andridgemunene/miniconda3/envs/ros/lib -v CMakeFiles/cmTC_8f873.dir/CMakeCCompilerABI.c.o -lSystem /Users/andridgemunene/miniconda3/envs/ros/lib/clang/14.0.6/lib/darwin/libclang_rt.osx.a]
    arg [/Users/andridgemunene/miniconda3/envs/ros/bin/arm64-apple-darwin20.0.0-ld] ==> ignore
    arg [-demangle] ==> ignore
    arg [-lto_library] ==> ignore, skip following value
    arg [/Users/andridgemunene/miniconda3/envs/ros/lib/libLTO.14.dylib] ==> skip value of -lto_library
    arg [-dynamic] ==> ignore
    arg [-arch] ==> ignore
    arg [arm64] ==> ignore
    arg [-platform_version] ==> ignore
    arg [macos] ==> ignore
    arg [13.0.0] ==> ignore
    arg [13.3] ==> ignore
    arg [-pie] ==> ignore
    arg [-syslibroot] ==> ignore
    arg [/Library/Developer/CommandLineTools/SDKs/MacOSX.sdk] ==> ignore
    arg [-o] ==> ignore
    arg [cmTC_8f873] ==> ignore
    arg [-L/Users/andridgemunene/miniconda3/envs/ros/lib] ==> dir [/Users/andridgemunene/miniconda3/envs/ros/lib]
    arg [-search_paths_first] ==> ignore
    arg [-headerpad_max_install_names] ==> ignore
    arg [-pie] ==> ignore
    arg [-headerpad_max_install_names] ==> ignore
    arg [-dead_strip_dylibs] ==> ignore
    arg [-rpath] ==> ignore
    arg [/Users/andridgemunene/miniconda3/envs/ros/lib] ==> ignore
    arg [-v] ==> ignore
    arg [CMakeFiles/cmTC_8f873.dir/CMakeCCompilerABI.c.o] ==> ignore
    arg [-lSystem] ==> lib [System]
    arg [/Users/andridgemunene/miniconda3/envs/ros/lib/clang/14.0.6/lib/darwin/libclang_rt.osx.a] ==> lib [/Users/andridgemunene/miniconda3/envs/ros/lib/clang/14.0.6/lib/darwin/libclang_rt.osx.a]
  Library search paths: [;/Users/andridgemunene/miniconda3/envs/ros/lib;/Library/Developer/CommandLineTools/SDKs/MacOSX.sdk/usr/lib]
  Framework search paths: [;/Library/Developer/CommandLineTools/SDKs/MacOSX.sdk/System/Library/Frameworks/]
  remove lib [System]
  remove lib [/Users/andridgemunene/miniconda3/envs/ros/lib/clang/14.0.6/lib/darwin/libclang_rt.osx.a]
  collapse library dir [/Users/andridgemunene/miniconda3/envs/ros/lib] ==> [/Users/andridgemunene/miniconda3/envs/ros/lib]
  collapse library dir [/Users/andridgemunene/miniconda3/envs/ros/lib] ==> [/Users/andridgemunene/miniconda3/envs/ros/lib]
  collapse library dir [/Library/Developer/CommandLineTools/SDKs/MacOSX.sdk/usr/lib] ==> [/Library/Developer/CommandLineTools/SDKs/MacOSX.sdk/usr/lib]
  collapse framework dir [/Library/Developer/CommandLineTools/SDKs/MacOSX.sdk/System/Library/Frameworks/] ==> [/Library/Developer/CommandLineTools/SDKs/MacOSX.sdk/System/Library/Frameworks]
  implicit libs: []
  implicit objs: []
  implicit dirs: [/Users/andridgemunene/miniconda3/envs/ros/lib;/Library/Developer/CommandLineTools/SDKs/MacOSX.sdk/usr/lib]
  implicit fwks: [/Library/Developer/CommandLineTools/SDKs/MacOSX.sdk/System/Library/Frameworks]


Detecting CXX compiler ABI info compiled with the following output:
Change Dir: /Users/andridgemunene/Desktop/openseasons/build/august_description/CMakeFiles/CMakeScratch/TryCompile-xmCpRc

Run Build Command(s):/opt/homebrew/bin/gmake -f Makefile cmTC_ac800/fast && /opt/homebrew/bin/gmake  -f CMakeFiles/cmTC_ac800.dir/build.make CMakeFiles/cmTC_ac800.dir/build
gmake[1]: Entering directory '/Users/andridgemunene/Desktop/openseasons/build/august_description/CMakeFiles/CMakeScratch/TryCompile-xmCpRc'
Building CXX object CMakeFiles/cmTC_ac800.dir/CMakeCXXCompilerABI.cpp.o
/Users/andridgemunene/miniconda3/envs/ros/bin/arm64-apple-darwin20.0.0-clang++   -ftree-vectorize -fPIC -fPIE -fstack-protector-strong -O2 -pipe -stdlib=libc++ -fvisibility-inlines-hidden -fmessage-length=0 -isystem /Users/andridgemunene/miniconda3/envs/ros/include  -arch arm64 -isysroot /Library/Developer/CommandLineTools/SDKs/MacOSX.sdk   -v -Wl,-v -MD -MT CMakeFiles/cmTC_ac800.dir/CMakeCXXCompilerABI.cpp.o -MF CMakeFiles/cmTC_ac800.dir/CMakeCXXCompilerABI.cpp.o.d -o CMakeFiles/cmTC_ac800.dir/CMakeCXXCompilerABI.cpp.o -c /Users/andridgemunene/miniconda3/envs/ros/share/cmake-3.25/Modules/CMakeCXXCompilerABI.cpp
clang version 14.0.6
Target: arm64-apple-darwin20.0.0
Thread model: posix
InstalledDir: /Users/andridgemunene/miniconda3/envs/ros/bin
clang-14: warning: -Wl,-v: 'linker' input unused [-Wunused-command-line-argument]
 (in-process)
 "/Users/andridgemunene/miniconda3/envs/ros/bin/clang-14" -cc1 -triple arm64-apple-macosx13.0.0 -Wundef-prefix=TARGET_OS_ -Werror=undef-prefix -Wdeprecated-objc-isa-usage -Werror=deprecated-objc-isa-usage -emit-obj --mrelax-relocations -disable-free -clear-ast-before-backend -disable-llvm-verifier -discard-value-names -main-file-name CMakeCXXCompilerABI.cpp -mrelocation-model pic -pic-level 2 -mframe-pointer=non-leaf -ffp-contract=on -fno-rounding-math -funwind-tables=2 -target-sdk-version=13.3 -fcompatibility-qualified-id-block-type-checking -fvisibility-inlines-hidden-static-local-var -target-cpu apple-m1 -target-feature +v8.5a -target-feature +fp-armv8 -target-feature +neon -target-feature +crc -target-feature +crypto -target-feature +dotprod -target-feature +fp16fml -target-feature +ras -target-feature +lse -target-feature +rdm -target-feature +rcpc -target-feature +zcm -target-feature +zcz -target-feature +fullfp16 -target-feature +sha2 -target-feature +aes -target-abi darwinpcs -fallow-half-arguments-and-returns -mllvm -treat-scalable-fixed-error-as-warning -debugger-tuning=lldb -target-linker-version 609 -v -fcoverage-compilation-dir=/Users/andridgemunene/Desktop/openseasons/build/august_description/CMakeFiles/CMakeScratch/TryCompile-xmCpRc -resource-dir /Users/andridgemunene/miniconda3/envs/ros/lib/clang/14.0.6 -dependency-file CMakeFiles/cmTC_ac800.dir/CMakeCXXCompilerABI.cpp.o.d -MT CMakeFiles/cmTC_ac800.dir/CMakeCXXCompilerABI.cpp.o -sys-header-deps -isystem /Users/andridgemunene/miniconda3/envs/ros/include -isysroot /Library/Developer/CommandLineTools/SDKs/MacOSX.sdk -stdlib=libc++ -internal-isystem /Users/andridgemunene/miniconda3/envs/ros/bin/../include/c++/v1 -internal-isystem /Library/Developer/CommandLineTools/SDKs/MacOSX.sdk/usr/local/include -internal-isystem /Users/andridgemunene/miniconda3/envs/ros/lib/clang/14.0.6/include -internal-externc-isystem /Library/Developer/CommandLineTools/SDKs/MacOSX.sdk/usr/include -O2 -fdeprecated-macro -fdebug-compilation-dir=/Users/andridgemunene/Desktop/openseasons/build/august_description/CMakeFiles/CMakeScratch/TryCompile-xmCpRc -ferror-limit 19 -fvisibility-inlines-hidden -stack-protector 2 -fblocks -fencode-extended-block-signature -fregister-global-dtors-with-atexit -fgnuc-version=4.2.1 -fcxx-exceptions -fexceptions -fmax-type-align=16 -vectorize-loops -vectorize-slp -D__GCC_HAVE_DWARF2_CFI_ASM=1 -o CMakeFiles/cmTC_ac800.dir/CMakeCXXCompilerABI.cpp.o -x c++ /Users/andridgemunene/miniconda3/envs/ros/share/cmake-3.25/Modules/CMakeCXXCompilerABI.cpp
clang -cc1 version 14.0.6 based upon LLVM 14.0.6 default target arm64-apple-darwin22.5.0
ignoring nonexistent directory "/Library/Developer/CommandLineTools/SDKs/MacOSX.sdk/usr/local/include"
ignoring nonexistent directory "/Library/Developer/CommandLineTools/SDKs/MacOSX.sdk/Library/Frameworks"
#include "..." search starts here:
#include <...> search starts here:
 /Users/andridgemunene/miniconda3/envs/ros/include
 /Users/andridgemunene/miniconda3/envs/ros/bin/../include/c++/v1
 /Users/andridgemunene/miniconda3/envs/ros/lib/clang/14.0.6/include
 /Library/Developer/CommandLineTools/SDKs/MacOSX.sdk/usr/include
 /Library/Developer/CommandLineTools/SDKs/MacOSX.sdk/System/Library/Frameworks (framework directory)
End of search list.
Linking CXX executable cmTC_ac800
/Users/andridgemunene/miniconda3/envs/ros/bin/cmake -E cmake_link_script CMakeFiles/cmTC_ac800.dir/link.txt --verbose=1
/Users/andridgemunene/miniconda3/envs/ros/bin/arm64-apple-darwin20.0.0-clang++ -ftree-vectorize -fPIC -fPIE -fstack-protector-strong -O2 -pipe -stdlib=libc++ -fvisibility-inlines-hidden -fmessage-length=0 -isystem /Users/andridgemunene/miniconda3/envs/ros/include  -arch arm64 -isysroot /Library/Developer/CommandLineTools/SDKs/MacOSX.sdk -Wl,-search_paths_first -Wl,-headerpad_max_install_names -Wl,-pie -Wl,-headerpad_max_install_names -Wl,-dead_strip_dylibs -Wl,-rpath,/Users/andridgemunene/miniconda3/envs/ros/lib -L/Users/andridgemunene/miniconda3/envs/ros/lib -v -Wl,-v CMakeFiles/cmTC_ac800.dir/CMakeCXXCompilerABI.cpp.o -o cmTC_ac800 
clang version 14.0.6
Target: arm64-apple-darwin20.0.0
Thread model: posix
InstalledDir: /Users/andridgemunene/miniconda3/envs/ros/bin
 "/Users/andridgemunene/miniconda3/envs/ros/bin/arm64-apple-darwin20.0.0-ld" -demangle -lto_library /Users/andridgemunene/miniconda3/envs/ros/lib/libLTO.14.dylib -dynamic -arch arm64 -platform_version macos 13.0.0 13.3 -pie -syslibroot /Library/Developer/CommandLineTools/SDKs/MacOSX.sdk -o cmTC_ac800 -L/Users/andridgemunene/miniconda3/envs/ros/lib -search_paths_first -headerpad_max_install_names -pie -headerpad_max_install_names -dead_strip_dylibs -rpath /Users/andridgemunene/miniconda3/envs/ros/lib -v CMakeFiles/cmTC_ac800.dir/CMakeCXXCompilerABI.cpp.o -lc++ -lSystem /Users/andridgemunene/miniconda3/envs/ros/lib/clang/14.0.6/lib/darwin/libclang_rt.osx.a
@(#)PROGRAM:ld  PROJECT:ld64-609
BUILD 17:39:38 Mar 22 2023
configured to support archs: armv6 armv7 armv7s arm64 arm64e arm64_32 i386 x86_64 x86_64h armv6m armv7k armv7m armv7em (tvOS)
Library search paths:
	/Users/andridgemunene/miniconda3/envs/ros/lib
	/Library/Developer/CommandLineTools/SDKs/MacOSX.sdk/usr/lib
Framework search paths:
	/Library/Developer/CommandLineTools/SDKs/MacOSX.sdk/System/Library/Frameworks/
gmake[1]: Leaving directory '/Users/andridgemunene/Desktop/openseasons/build/august_description/CMakeFiles/CMakeScratch/TryCompile-xmCpRc'



Parsed CXX implicit include dir info from above output: rv=done
  found start of include info
  found start of implicit include info
    add: [/Users/andridgemunene/miniconda3/envs/ros/include]
    add: [/Users/andridgemunene/miniconda3/envs/ros/bin/../include/c++/v1]
    add: [/Users/andridgemunene/miniconda3/envs/ros/lib/clang/14.0.6/include]
    add: [/Library/Developer/CommandLineTools/SDKs/MacOSX.sdk/usr/include]
  end of search list found
  collapse include dir [/Users/andridgemunene/miniconda3/envs/ros/include] ==> [/Users/andridgemunene/miniconda3/envs/ros/include]
  collapse include dir [/Users/andridgemunene/miniconda3/envs/ros/bin/../include/c++/v1] ==> [/Users/andridgemunene/miniconda3/envs/ros/include/c++/v1]
  collapse include dir [/Users/andridgemunene/miniconda3/envs/ros/lib/clang/14.0.6/include] ==> [/Users/andridgemunene/miniconda3/envs/ros/lib/clang/14.0.6/include]
  collapse include dir [/Library/Developer/CommandLineTools/SDKs/MacOSX.sdk/usr/include] ==> [/Library/Developer/CommandLineTools/SDKs/MacOSX.sdk/usr/include]
  implicit include dirs: [/Users/andridgemunene/miniconda3/envs/ros/include;/Users/andridgemunene/miniconda3/envs/ros/include/c++/v1;/Users/andridgemunene/miniconda3/envs/ros/lib/clang/14.0.6/include;/Library/Developer/CommandLineTools/SDKs/MacOSX.sdk/usr/include]


Parsed CXX implicit link information from above output:
  link line regex: [^( *|.*[/\])(arm64-apple-darwin20\.0\.0-ld|CMAKE_LINK_STARTFILE-NOTFOUND|([^/\]+-)?ld|collect2)[^/\]*( |$)]
  ignore line: [Change Dir: /Users/andridgemunene/Desktop/openseasons/build/august_description/CMakeFiles/CMakeScratch/TryCompile-xmCpRc]
  ignore line: []
  ignore line: [Run Build Command(s):/opt/homebrew/bin/gmake -f Makefile cmTC_ac800/fast && /opt/homebrew/bin/gmake  -f CMakeFiles/cmTC_ac800.dir/build.make CMakeFiles/cmTC_ac800.dir/build]
  ignore line: [gmake[1]: Entering directory '/Users/andridgemunene/Desktop/openseasons/build/august_description/CMakeFiles/CMakeScratch/TryCompile-xmCpRc']
  ignore line: [Building CXX object CMakeFiles/cmTC_ac800.dir/CMakeCXXCompilerABI.cpp.o]
  ignore line: [/Users/andridgemunene/miniconda3/envs/ros/bin/arm64-apple-darwin20.0.0-clang++   -ftree-vectorize -fPIC -fPIE -fstack-protector-strong -O2 -pipe -stdlib=libc++ -fvisibility-inlines-hidden -fmessage-length=0 -isystem /Users/andridgemunene/miniconda3/envs/ros/include  -arch arm64 -isysroot /Library/Developer/CommandLineTools/SDKs/MacOSX.sdk   -v -Wl -v -MD -MT CMakeFiles/cmTC_ac800.dir/CMakeCXXCompilerABI.cpp.o -MF CMakeFiles/cmTC_ac800.dir/CMakeCXXCompilerABI.cpp.o.d -o CMakeFiles/cmTC_ac800.dir/CMakeCXXCompilerABI.cpp.o -c /Users/andridgemunene/miniconda3/envs/ros/share/cmake-3.25/Modules/CMakeCXXCompilerABI.cpp]
  ignore line: [clang version 14.0.6]
  ignore line: [Target: arm64-apple-darwin20.0.0]
  ignore line: [Thread model: posix]
  ignore line: [InstalledDir: /Users/andridgemunene/miniconda3/envs/ros/bin]
  ignore line: [clang-14: warning: -Wl -v: 'linker' input unused [-Wunused-command-line-argument]]
  ignore line: [ (in-process)]
  ignore line: [ "/Users/andridgemunene/miniconda3/envs/ros/bin/clang-14" -cc1 -triple arm64-apple-macosx13.0.0 -Wundef-prefix=TARGET_OS_ -Werror=undef-prefix -Wdeprecated-objc-isa-usage -Werror=deprecated-objc-isa-usage -emit-obj --mrelax-relocations -disable-free -clear-ast-before-backend -disable-llvm-verifier -discard-value-names -main-file-name CMakeCXXCompilerABI.cpp -mrelocation-model pic -pic-level 2 -mframe-pointer=non-leaf -ffp-contract=on -fno-rounding-math -funwind-tables=2 -target-sdk-version=13.3 -fcompatibility-qualified-id-block-type-checking -fvisibility-inlines-hidden-static-local-var -target-cpu apple-m1 -target-feature +v8.5a -target-feature +fp-armv8 -target-feature +neon -target-feature +crc -target-feature +crypto -target-feature +dotprod -target-feature +fp16fml -target-feature +ras -target-feature +lse -target-feature +rdm -target-feature +rcpc -target-feature +zcm -target-feature +zcz -target-feature +fullfp16 -target-feature +sha2 -target-feature +aes -target-abi darwinpcs -fallow-half-arguments-and-returns -mllvm -treat-scalable-fixed-error-as-warning -debugger-tuning=lldb -target-linker-version 609 -v -fcoverage-compilation-dir=/Users/andridgemunene/Desktop/openseasons/build/august_description/CMakeFiles/CMakeScratch/TryCompile-xmCpRc -resource-dir /Users/andridgemunene/miniconda3/envs/ros/lib/clang/14.0.6 -dependency-file CMakeFiles/cmTC_ac800.dir/CMakeCXXCompilerABI.cpp.o.d -MT CMakeFiles/cmTC_ac800.dir/CMakeCXXCompilerABI.cpp.o -sys-header-deps -isystem /Users/andridgemunene/miniconda3/envs/ros/include -isysroot /Library/Developer/CommandLineTools/SDKs/MacOSX.sdk -stdlib=libc++ -internal-isystem /Users/andridgemunene/miniconda3/envs/ros/bin/../include/c++/v1 -internal-isystem /Library/Developer/CommandLineTools/SDKs/MacOSX.sdk/usr/local/include -internal-isystem /Users/andridgemunene/miniconda3/envs/ros/lib/clang/14.0.6/include -internal-externc-isystem /Library/Developer/CommandLineTools/SDKs/MacOSX.sdk/usr/include -O2 -fdeprecated-macro -fdebug-compilation-dir=/Users/andridgemunene/Desktop/openseasons/build/august_description/CMakeFiles/CMakeScratch/TryCompile-xmCpRc -ferror-limit 19 -fvisibility-inlines-hidden -stack-protector 2 -fblocks -fencode-extended-block-signature -fregister-global-dtors-with-atexit -fgnuc-version=4.2.1 -fcxx-exceptions -fexceptions -fmax-type-align=16 -vectorize-loops -vectorize-slp -D__GCC_HAVE_DWARF2_CFI_ASM=1 -o CMakeFiles/cmTC_ac800.dir/CMakeCXXCompilerABI.cpp.o -x c++ /Users/andridgemunene/miniconda3/envs/ros/share/cmake-3.25/Modules/CMakeCXXCompilerABI.cpp]
  ignore line: [clang -cc1 version 14.0.6 based upon LLVM 14.0.6 default target arm64-apple-darwin22.5.0]
  ignore line: [ignoring nonexistent directory "/Library/Developer/CommandLineTools/SDKs/MacOSX.sdk/usr/local/include"]
  ignore line: [ignoring nonexistent directory "/Library/Developer/CommandLineTools/SDKs/MacOSX.sdk/Library/Frameworks"]
  ignore line: [#include "..." search starts here:]
  ignore line: [#include <...> search starts here:]
  ignore line: [ /Users/andridgemunene/miniconda3/envs/ros/include]
  ignore line: [ /Users/andridgemunene/miniconda3/envs/ros/bin/../include/c++/v1]
  ignore line: [ /Users/andridgemunene/miniconda3/envs/ros/lib/clang/14.0.6/include]
  ignore line: [ /Library/Developer/CommandLineTools/SDKs/MacOSX.sdk/usr/include]
  ignore line: [ /Library/Developer/CommandLineTools/SDKs/MacOSX.sdk/System/Library/Frameworks (framework directory)]
  ignore line: [End of search list.]
  ignore line: [Linking CXX executable cmTC_ac800]
  ignore line: [/Users/andridgemunene/miniconda3/envs/ros/bin/cmake -E cmake_link_script CMakeFiles/cmTC_ac800.dir/link.txt --verbose=1]
  ignore line: [/Users/andridgemunene/miniconda3/envs/ros/bin/arm64-apple-darwin20.0.0-clang++ -ftree-vectorize -fPIC -fPIE -fstack-protector-strong -O2 -pipe -stdlib=libc++ -fvisibility-inlines-hidden -fmessage-length=0 -isystem /Users/andridgemunene/miniconda3/envs/ros/include  -arch arm64 -isysroot /Library/Developer/CommandLineTools/SDKs/MacOSX.sdk -Wl -search_paths_first -Wl -headerpad_max_install_names -Wl -pie -Wl -headerpad_max_install_names -Wl -dead_strip_dylibs -Wl -rpath /Users/andridgemunene/miniconda3/envs/ros/lib -L/Users/andridgemunene/miniconda3/envs/ros/lib -v -Wl -v CMakeFiles/cmTC_ac800.dir/CMakeCXXCompilerABI.cpp.o -o cmTC_ac800 ]
  ignore line: [clang version 14.0.6]
  ignore line: [Target: arm64-apple-darwin20.0.0]
  ignore line: [Thread model: posix]
  ignore line: [InstalledDir: /Users/andridgemunene/miniconda3/envs/ros/bin]
  link line: [ "/Users/andridgemunene/miniconda3/envs/ros/bin/arm64-apple-darwin20.0.0-ld" -demangle -lto_library /Users/andridgemunene/miniconda3/envs/ros/lib/libLTO.14.dylib -dynamic -arch arm64 -platform_version macos 13.0.0 13.3 -pie -syslibroot /Library/Developer/CommandLineTools/SDKs/MacOSX.sdk -o cmTC_ac800 -L/Users/andridgemunene/miniconda3/envs/ros/lib -search_paths_first -headerpad_max_install_names -pie -headerpad_max_install_names -dead_strip_dylibs -rpath /Users/andridgemunene/miniconda3/envs/ros/lib -v CMakeFiles/cmTC_ac800.dir/CMakeCXXCompilerABI.cpp.o -lc++ -lSystem /Users/andridgemunene/miniconda3/envs/ros/lib/clang/14.0.6/lib/darwin/libclang_rt.osx.a]
    arg [/Users/andridgemunene/miniconda3/envs/ros/bin/arm64-apple-darwin20.0.0-ld] ==> ignore
    arg [-demangle] ==> ignore
    arg [-lto_library] ==> ignore, skip following value
    arg [/Users/andridgemunene/miniconda3/envs/ros/lib/libLTO.14.dylib] ==> skip value of -lto_library
    arg [-dynamic] ==> ignore
    arg [-arch] ==> ignore
    arg [arm64] ==> ignore
    arg [-platform_version] ==> ignore
    arg [macos] ==> ignore
    arg [13.0.0] ==> ignore
    arg [13.3] ==> ignore
    arg [-pie] ==> ignore
    arg [-syslibroot] ==> ignore
    arg [/Library/Developer/CommandLineTools/SDKs/MacOSX.sdk] ==> ignore
    arg [-o] ==> ignore
    arg [cmTC_ac800] ==> ignore
    arg [-L/Users/andridgemunene/miniconda3/envs/ros/lib] ==> dir [/Users/andridgemunene/miniconda3/envs/ros/lib]
    arg [-search_paths_first] ==> ignore
    arg [-headerpad_max_install_names] ==> ignore
    arg [-pie] ==> ignore
    arg [-headerpad_max_install_names] ==> ignore
    arg [-dead_strip_dylibs] ==> ignore
    arg [-rpath] ==> ignore
    arg [/Users/andridgemunene/miniconda3/envs/ros/lib] ==> ignore
    arg [-v] ==> ignore
    arg [CMakeFiles/cmTC_ac800.dir/CMakeCXXCompilerABI.cpp.o] ==> ignore
    arg [-lc++] ==> lib [c++]
    arg [-lSystem] ==> lib [System]
    arg [/Users/andridgemunene/miniconda3/envs/ros/lib/clang/14.0.6/lib/darwin/libclang_rt.osx.a] ==> lib [/Users/andridgemunene/miniconda3/envs/ros/lib/clang/14.0.6/lib/darwin/libclang_rt.osx.a]
  Library search paths: [;/Users/andridgemunene/miniconda3/envs/ros/lib;/Library/Developer/CommandLineTools/SDKs/MacOSX.sdk/usr/lib]
  Framework search paths: [;/Library/Developer/CommandLineTools/SDKs/MacOSX.sdk/System/Library/Frameworks/]
  remove lib [System]
  remove lib [/Users/andridgemunene/miniconda3/envs/ros/lib/clang/14.0.6/lib/darwin/libclang_rt.osx.a]
  collapse library dir [/Users/andridgemunene/miniconda3/envs/ros/lib] ==> [/Users/andridgemunene/miniconda3/envs/ros/lib]
  collapse library dir [/Users/andridgemunene/miniconda3/envs/ros/lib] ==> [/Users/andridgemunene/miniconda3/envs/ros/lib]
  collapse library dir [/Library/Developer/CommandLineTools/SDKs/MacOSX.sdk/usr/lib] ==> [/Library/Developer/CommandLineTools/SDKs/MacOSX.sdk/usr/lib]
  collapse framework dir [/Library/Developer/CommandLineTools/SDKs/MacOSX.sdk/System/Library/Frameworks/] ==> [/Library/Developer/CommandLineTools/SDKs/MacOSX.sdk/System/Library/Frameworks]
  implicit libs: [c++]
  implicit objs: []
  implicit dirs: [/Users/andridgemunene/miniconda3/envs/ros/lib;/Library/Developer/CommandLineTools/SDKs/MacOSX.sdk/usr/lib]
  implicit fwks: [/Library/Developer/CommandLineTools/SDKs/MacOSX.sdk/System/Library/Frameworks]


Performing C SOURCE FILE Test CMAKE_HAVE_LIBC_PTHREAD succeeded with the following output:
Change Dir: /Users/andridgemunene/Desktop/openseasons/build/august_description/CMakeFiles/CMakeScratch/TryCompile-nCSpfQ

Run Build Command(s):/opt/homebrew/bin/gmake -f Makefile cmTC_e32bd/fast && /opt/homebrew/bin/gmake  -f CMakeFiles/cmTC_e32bd.dir/build.make CMakeFiles/cmTC_e32bd.dir/build
gmake[1]: Entering directory '/Users/andridgemunene/Desktop/openseasons/build/august_description/CMakeFiles/CMakeScratch/TryCompile-nCSpfQ'
Building C object CMakeFiles/cmTC_e32bd.dir/src.c.o
/Users/andridgemunene/miniconda3/envs/ros/bin/arm64-apple-darwin20.0.0-clang -DCMAKE_HAVE_LIBC_PTHREAD  -ftree-vectorize -fPIC -fPIE -fstack-protector-strong -O2 -pipe -isystem /Users/andridgemunene/miniconda3/envs/ros/include  -arch arm64 -isysroot /Library/Developer/CommandLineTools/SDKs/MacOSX.sdk -MD -MT CMakeFiles/cmTC_e32bd.dir/src.c.o -MF CMakeFiles/cmTC_e32bd.dir/src.c.o.d -o CMakeFiles/cmTC_e32bd.dir/src.c.o -c /Users/andridgemunene/Desktop/openseasons/build/august_description/CMakeFiles/CMakeScratch/TryCompile-nCSpfQ/src.c
Linking C executable cmTC_e32bd
/Users/andridgemunene/miniconda3/envs/ros/bin/cmake -E cmake_link_script CMakeFiles/cmTC_e32bd.dir/link.txt --verbose=1
/Users/andridgemunene/miniconda3/envs/ros/bin/arm64-apple-darwin20.0.0-clang -ftree-vectorize -fPIC -fPIE -fstack-protector-strong -O2 -pipe -isystem /Users/andridgemunene/miniconda3/envs/ros/include  -arch arm64 -isysroot /Library/Developer/CommandLineTools/SDKs/MacOSX.sdk -Wl,-search_paths_first -Wl,-headerpad_max_install_names -Wl,-pie -Wl,-headerpad_max_install_names -Wl,-dead_strip_dylibs -Wl,-rpath,/Users/andridgemunene/miniconda3/envs/ros/lib -L/Users/andridgemunene/miniconda3/envs/ros/lib  CMakeFiles/cmTC_e32bd.dir/src.c.o -o cmTC_e32bd 
gmake[1]: Leaving directory '/Users/andridgemunene/Desktop/openseasons/build/august_description/CMakeFiles/CMakeScratch/TryCompile-nCSpfQ'


Source file was:
#include <pthread.h>

static void* test_func(void* data)
{
  return data;
}

int main(void)
{
  pthread_t thread;
  pthread_create(&thread, NULL, test_func, NULL);
  pthread_detach(thread);
  pthread_cancel(thread);
  pthread_join(thread, NULL);
  pthread_atfork(NULL, NULL, NULL);
  pthread_exit(NULL);

  return 0;
}


