[0mCMake Deprecation Warning at CMakeLists.txt:1 (cmake_minimum_required):
  Compatibility with CMake < 2.8.12 will be removed from a future version of
  CMake.

  Update the VERSION argument <min> value or use a ...<max> suffix to tell
  CMake that the project does not need compatibility with older versions.

[0m
[36m--[0m Using CATKIN_DEVEL_PREFIX: /Users/andridgemunene/Desktop/openseasons/devel/.private/august_description
[36m--[0m Using CMAKE_PREFIX_PATH: /Users/andridgemunene/Desktop/openseasons/devel;/Users/andridgemunene/miniconda3/envs/ros
[36m--[0m This workspace overlays: /Users/andridgemunene/Desktop/openseasons/devel;/Users/andridgemunene/miniconda3/envs/ros
[36m--[0m Using PYTHON_EXECUTABLE: /Users/andridgemunene/miniconda3/envs/ros/bin/python3.9
[36m--[0m Using default Python package layout
[36m--[0m Using empy: /Users/andridgemunene/miniconda3/envs/ros/lib/python3.9/site-packages/em.py
[36m--[0m Using CATKIN_ENABLE_TESTING: ON
[36m--[0m Call enable_testing()
[36m--[0m Using CATKIN_TEST_RESULTS_DIR: /Users/andridgemunene/Desktop/openseasons/build/august_description/test_results
[36m--[0m Found gtest: gtests will be built
[36m--[0m Using Python nosetests: /Users/andridgemunene/miniconda3/envs/ros/bin/nosetests-3.9
[36m--[0m catkin 0.8.10
[36m--[0m BUILD_SHARED_LIBS is on
[36m--[0m Configuring done
[36m--[0m Generating done
[36m--[0m Build files have been written to: /Users/andridgemunene/Desktop/openseasons/build/august_description
